{
  "stats": {
    "suites": 1,
    "tests": 1,
    "passes": 1,
    "pending": 0,
    "failures": 0,
    "start": "2022-12-02T07:08:00.869Z",
    "end": "2022-12-02T07:08:10.754Z",
    "duration": 9885,
    "testsRegistered": 1,
    "passPercent": 100,
    "pendingPercent": 0,
    "other": 0,
    "hasOther": false,
    "skipped": 0,
    "hasSkipped": false
  },
  "results": [
    {
      "uuid": "8de6579f-2eb8-451d-9475-b4013960531b",
      "title": "",
      "fullFile": "cypress\\e2e\\nopcomm.cy.js",
      "file": "cypress\\e2e\\nopcomm.cy.js",
      "beforeHooks": [],
      "afterHooks": [],
      "tests": [],
      "suites": [
        {
          "uuid": "ec53e801-9157-49bb-a254-e51c287f8d3a",
          "title": "Locating element",
          "fullFile": "",
          "file": "",
          "beforeHooks": [],
          "afterHooks": [],
          "tests": [
            {
              "title": "verify types of locators",
              "fullTitle": "Locating element verify types of locators",
              "timedOut": null,
              "duration": 7855,
              "state": "passed",
              "speed": "medium",
              "pass": true,
              "fail": false,
              "pending": false,
              "context": null,
              "code": "cy.visit(\"https://demo.nopcommerce.com/\"); //cy.xpath(\"//input[@id='small-searchterms']\").type(\"Nokia Lumia 1020\")\ncy.xpath(\"//input[@id='small-searchterms']\").type(\"Nokia Lumia 1020\");\ncy.wait(2000);\ncy.get(\"[type='submit']\").click();\ncy.get(\"h1\").should('have.text', \"Search\");\ncy.xpath(\"//button[text()='Add to cart']\").click();\ncy.xpath(\"//span[text()='Shopping cart']\").click();\ncy.get(\"h1\").should('have.text', \"Shopping cart\");\ncy.get(\".product-name\").should('have.text', \"Nokia Lumia 1020\");\ncy.get(\"#checkout_attribute_1\").select(\"Yes [+$10.00]\").should('have.value', \"2\");\ncy.xpath(\"//input[@id='termsofservice']\").check().should('be.checked');\ncy.get(\"#checkout\").click();\ncy.get(\"#Email\").type(this.data.email);\ncy.get(\"#Password\").type(this.data.password);\ncy.xpath(\"//button[text()='Log in']\").click();",
              "err": {},
              "uuid": "89f794f1-27a9-4532-9632-9ca959a376bd",
              "parentUUID": "ec53e801-9157-49bb-a254-e51c287f8d3a",
              "isHook": false,
              "skipped": false
            }
          ],
          "suites": [],
          "passes": [
            "89f794f1-27a9-4532-9632-9ca959a376bd"
          ],
          "failures": [],
          "pending": [],
          "skipped": [],
          "duration": 7855,
          "root": false,
          "rootEmpty": false,
          "_timeout": 2000
        }
      ],
      "passes": [],
      "failures": [],
      "pending": [],
      "skipped": [],
      "duration": 0,
      "root": true,
      "rootEmpty": true,
      "_timeout": 2000
    }
  ],
  "meta": {
    "mocha": {
      "version": "7.0.1"
    },
    "mochawesome": {
      "options": {
        "quiet": false,
        "reportFilename": "mochawesome",
        "saveHtml": true,
        "saveJson": true,
        "consoleReporter": "spec",
        "useInlineDiffs": false,
        "code": true
      },
      "version": "7.1.3"
    },
    "marge": {
      "options": null,
      "version": "6.2.0"
    }
  }
}